<?xml version="1.0" encoding="UTF-8"?>
<testsuite name="com.example.risk.InsightControllerTest" tests="1" skipped="0" failures="0" errors="0" timestamp="2025-11-23T23:18:14.261Z" hostname="DESKTOP-3G1SSLR" time="0.698">
  <properties/>
  <testcase name="returnsInsightsWithExternalRates()" classname="com.example.risk.InsightControllerTest" time="0.698"/>
  <system-out><![CDATA[20:18:09.821 [Test worker] INFO org.springframework.test.context.support.AnnotationConfigContextLoaderUtils -- Could not detect default configuration classes for test class [com.example.risk.InsightControllerTest]: InsightControllerTest does not declare any static, non-private, non-final, nested classes annotated with @Configuration.
20:18:09.889 [Test worker] INFO org.springframework.boot.test.context.SpringBootTestContextBootstrapper -- Found @SpringBootConfiguration com.example.risk.RiskServiceApplication for test class com.example.risk.InsightControllerTest

  .   ____          _            __ _ _
 /\\ / ___'_ __ _ _(_)_ __  __ _ \ \ \ \
( ( )\___ | '_ | '_| | '_ \/ _` | \ \ \ \
 \\/  ___)| |_)| | | | | || (_| |  ) ) ) )
  '  |____| .__|_| |_|_| |_\__, | / / / /
 =========|_|==============|___/=/_/_/_/

 :: Spring Boot ::                (v3.3.5)

2025-11-23T20:18:10.294-03:00  INFO 36632 --- [risk-service] [    Test worker] com.example.risk.InsightControllerTest   : Starting InsightControllerTest using Java 17.0.17 with PID 36632 (started by TeaDyDy in C:\Users\TeaDyDy\AndroidStudioProjects\Finanzas3.0\services\risk-service)
2025-11-23T20:18:10.295-03:00  INFO 36632 --- [risk-service] [    Test worker] com.example.risk.InsightControllerTest   : No active profile set, falling back to 1 default profile: "dev"
2025-11-23T20:18:10.927-03:00  INFO 36632 --- [risk-service] [    Test worker] .s.d.r.c.RepositoryConfigurationDelegate : Bootstrapping Spring Data JPA repositories in DEFAULT mode.
2025-11-23T20:18:10.965-03:00  INFO 36632 --- [risk-service] [    Test worker] .s.d.r.c.RepositoryConfigurationDelegate : Finished Spring Data repository scanning in 32 ms. Found 1 JPA repository interface.
2025-11-23T20:18:11.462-03:00  INFO 36632 --- [risk-service] [    Test worker] o.s.b.w.embedded.tomcat.TomcatWebServer  : Tomcat initialized with port 0 (http)
2025-11-23T20:18:11.485-03:00  INFO 36632 --- [risk-service] [    Test worker] o.apache.catalina.core.StandardService   : Starting service [Tomcat]
2025-11-23T20:18:11.485-03:00  INFO 36632 --- [risk-service] [    Test worker] o.apache.catalina.core.StandardEngine    : Starting Servlet engine: [Apache Tomcat/10.1.31]
2025-11-23T20:18:11.561-03:00  INFO 36632 --- [risk-service] [    Test worker] o.a.c.c.C.[Tomcat].[localhost].[/]       : Initializing Spring embedded WebApplicationContext
2025-11-23T20:18:11.562-03:00  INFO 36632 --- [risk-service] [    Test worker] w.s.c.ServletWebServerApplicationContext : Root WebApplicationContext: initialization completed in 1245 ms
2025-11-23T20:18:11.855-03:00  INFO 36632 --- [risk-service] [    Test worker] com.zaxxer.hikari.HikariDataSource       : HikariPool-1 - Starting...
2025-11-23T20:18:11.989-03:00  INFO 36632 --- [risk-service] [    Test worker] com.zaxxer.hikari.pool.HikariPool        : HikariPool-1 - Added connection conn0: url=jdbc:h2:mem:risk user=SA
2025-11-23T20:18:11.991-03:00  INFO 36632 --- [risk-service] [    Test worker] com.zaxxer.hikari.HikariDataSource       : HikariPool-1 - Start completed.
2025-11-23T20:18:12.041-03:00  INFO 36632 --- [risk-service] [    Test worker] org.flywaydb.core.FlywayExecutor         : Database: jdbc:h2:mem:risk (H2 2.3)
2025-11-23T20:18:12.045-03:00  WARN 36632 --- [risk-service] [    Test worker] o.f.c.internal.database.base.Database    : Flyway upgrade recommended: H2 2.3.232 is newer than this version of Flyway and support has not been tested. The latest supported version of H2 is 2.2.220.
2025-11-23T20:18:12.063-03:00  INFO 36632 --- [risk-service] [    Test worker] o.f.c.i.s.JdbcTableSchemaHistory         : Schema history table "PUBLIC"."flyway_schema_history" does not exist yet
2025-11-23T20:18:12.065-03:00  INFO 36632 --- [risk-service] [    Test worker] o.f.core.internal.command.DbValidate     : Successfully validated 1 migration (execution time 00:00.010s)
2025-11-23T20:18:12.070-03:00  INFO 36632 --- [risk-service] [    Test worker] o.f.c.i.s.JdbcTableSchemaHistory         : Creating Schema History table "PUBLIC"."flyway_schema_history" ...
2025-11-23T20:18:12.104-03:00  INFO 36632 --- [risk-service] [    Test worker] o.f.core.internal.command.DbMigrate      : Current version of schema "PUBLIC": << Empty Schema >>
2025-11-23T20:18:12.107-03:00  INFO 36632 --- [risk-service] [    Test worker] o.f.core.internal.command.DbMigrate      : Migrating schema "PUBLIC" to version "1 - init"
2025-11-23T20:18:12.126-03:00  INFO 36632 --- [risk-service] [    Test worker] o.f.core.internal.command.DbMigrate      : Successfully applied 1 migration to schema "PUBLIC", now at version v1 (execution time 00:00.005s)
2025-11-23T20:18:12.214-03:00  INFO 36632 --- [risk-service] [    Test worker] o.hibernate.jpa.internal.util.LogHelper  : HHH000204: Processing PersistenceUnitInfo [name: default]
2025-11-23T20:18:12.349-03:00  INFO 36632 --- [risk-service] [    Test worker] org.hibernate.Version                    : HHH000412: Hibernate ORM core version 6.5.3.Final
2025-11-23T20:18:12.392-03:00  INFO 36632 --- [risk-service] [    Test worker] o.h.c.internal.RegionFactoryInitiator    : HHH000026: Second-level cache disabled
2025-11-23T20:18:12.668-03:00  INFO 36632 --- [risk-service] [    Test worker] o.s.o.j.p.SpringPersistenceUnitInfo      : No LoadTimeWeaver setup: ignoring JPA class transformer
2025-11-23T20:18:13.205-03:00  INFO 36632 --- [risk-service] [    Test worker] o.h.e.t.j.p.i.JtaPlatformInitiator       : HHH000489: No JTA platform available (set 'hibernate.transaction.jta.platform' to enable JTA platform integration)
2025-11-23T20:18:13.219-03:00  INFO 36632 --- [risk-service] [    Test worker] j.LocalContainerEntityManagerFactoryBean : Initialized JPA EntityManagerFactory for persistence unit 'default'
2025-11-23T20:18:13.726-03:00  WARN 36632 --- [risk-service] [    Test worker] JpaBaseConfiguration$JpaWebConfiguration : spring.jpa.open-in-view is enabled by default. Therefore, database queries may be performed during view rendering. Explicitly configure spring.jpa.open-in-view to disable this warning
2025-11-23T20:18:14.239-03:00  INFO 36632 --- [risk-service] [    Test worker] o.s.b.w.embedded.tomcat.TomcatWebServer  : Tomcat started on port 49699 (http) with context path '/'
2025-11-23T20:18:14.250-03:00  INFO 36632 --- [risk-service] [    Test worker] com.example.risk.InsightControllerTest   : Started InsightControllerTest in 4.181 seconds (process running for 5.07)
Hibernate: 
    select
        rc1_0.id,
        rc1_0.created_at,
        rc1_0.reason,
        rc1_0.score,
        rc1_0.status,
        rc1_0.user_id 
    from
        risk_cases rc1_0
Hibernate: 
    insert 
    into
        risk_cases
        (created_at, reason, score, status, user_id, id) 
    values
        (?, ?, ?, ?, ?, default)
2025-11-23T20:18:14.825-03:00  INFO 36632 --- [risk-service] [o-auto-1-exec-1] o.a.c.c.C.[Tomcat].[localhost].[/]       : Initializing Spring DispatcherServlet 'dispatcherServlet'
2025-11-23T20:18:14.825-03:00  INFO 36632 --- [risk-service] [o-auto-1-exec-1] o.s.web.servlet.DispatcherServlet        : Initializing Servlet 'dispatcherServlet'
2025-11-23T20:18:14.826-03:00  INFO 36632 --- [risk-service] [o-auto-1-exec-1] o.s.web.servlet.DispatcherServlet        : Completed initialization in 0 ms
Hibernate: 
    select
        rc1_0.id,
        rc1_0.created_at,
        rc1_0.reason,
        rc1_0.score,
        rc1_0.status,
        rc1_0.user_id 
    from
        risk_cases rc1_0
]]></system-out>
  <system-err><![CDATA[]]></system-err>
</testsuite>
