<?xml version="1.0" encoding="UTF-8"?>
<testsuite name="com.example.risk.RiskCaseControllerTest" tests="1" skipped="0" failures="0" errors="0" timestamp="2025-11-23T23:18:15.411Z" hostname="DESKTOP-3G1SSLR" time="0.175">
  <properties/>
  <testcase name="crea y devuelve un caso de riesgo" classname="com.example.risk.RiskCaseControllerTest" time="0.175"/>
  <system-out><![CDATA[2025-11-23T20:18:14.965-03:00  INFO 36632 --- [risk-service] [    Test worker] t.c.s.AnnotationConfigContextLoaderUtils : Could not detect default configuration classes for test class [com.example.risk.RiskCaseControllerTest]: RiskCaseControllerTest does not declare any static, non-private, non-final, nested classes annotated with @Configuration.
2025-11-23T20:18:14.971-03:00  INFO 36632 --- [risk-service] [    Test worker] .b.t.c.SpringBootTestContextBootstrapper : Found @SpringBootConfiguration com.example.risk.RiskServiceApplication for test class com.example.risk.RiskCaseControllerTest

  .   ____          _            __ _ _
 /\\ / ___'_ __ _ _(_)_ __  __ _ \ \ \ \
( ( )\___ | '_ | '_| | '_ \/ _` | \ \ \ \
 \\/  ___)| |_)| | | | | || (_| |  ) ) ) )
  '  |____| .__|_| |_|_| |_\__, | / / / /
 =========|_|==============|___/=/_/_/_/

 :: Spring Boot ::                (v3.3.5)

2025-11-23T20:18:14.994-03:00  INFO 36632 --- [risk-service] [    Test worker] c.example.risk.RiskCaseControllerTest    : Starting RiskCaseControllerTest using Java 17.0.17 with PID 36632 (started by TeaDyDy in C:\Users\TeaDyDy\AndroidStudioProjects\Finanzas3.0\services\risk-service)
2025-11-23T20:18:14.994-03:00  INFO 36632 --- [risk-service] [    Test worker] c.example.risk.RiskCaseControllerTest    : No active profile set, falling back to 1 default profile: "dev"
2025-11-23T20:18:15.120-03:00  INFO 36632 --- [risk-service] [    Test worker] .s.d.r.c.RepositoryConfigurationDelegate : Bootstrapping Spring Data JPA repositories in DEFAULT mode.
2025-11-23T20:18:15.126-03:00  INFO 36632 --- [risk-service] [    Test worker] .s.d.r.c.RepositoryConfigurationDelegate : Finished Spring Data repository scanning in 5 ms. Found 1 JPA repository interface.
2025-11-23T20:18:15.179-03:00  INFO 36632 --- [risk-service] [    Test worker] com.zaxxer.hikari.HikariDataSource       : HikariPool-2 - Starting...
2025-11-23T20:18:15.180-03:00  INFO 36632 --- [risk-service] [    Test worker] com.zaxxer.hikari.pool.HikariPool        : HikariPool-2 - Added connection conn10: url=jdbc:h2:mem:risk user=SA
2025-11-23T20:18:15.180-03:00  INFO 36632 --- [risk-service] [    Test worker] com.zaxxer.hikari.HikariDataSource       : HikariPool-2 - Start completed.
2025-11-23T20:18:15.181-03:00  INFO 36632 --- [risk-service] [    Test worker] org.flywaydb.core.FlywayExecutor         : Database: jdbc:h2:mem:risk (H2 2.3)
2025-11-23T20:18:15.182-03:00  WARN 36632 --- [risk-service] [    Test worker] o.f.c.internal.database.base.Database    : Flyway upgrade recommended: H2 2.3.232 is newer than this version of Flyway and support has not been tested. The latest supported version of H2 is 2.2.220.
2025-11-23T20:18:15.185-03:00  INFO 36632 --- [risk-service] [    Test worker] o.f.core.internal.command.DbValidate     : Successfully validated 1 migration (execution time 00:00.002s)
2025-11-23T20:18:15.187-03:00  INFO 36632 --- [risk-service] [    Test worker] o.f.core.internal.command.DbMigrate      : Current version of schema "PUBLIC": 1
2025-11-23T20:18:15.187-03:00  INFO 36632 --- [risk-service] [    Test worker] o.f.core.internal.command.DbMigrate      : Schema "PUBLIC" is up to date. No migration necessary.
2025-11-23T20:18:15.197-03:00  INFO 36632 --- [risk-service] [    Test worker] o.hibernate.jpa.internal.util.LogHelper  : HHH000204: Processing PersistenceUnitInfo [name: default]
2025-11-23T20:18:15.200-03:00  INFO 36632 --- [risk-service] [    Test worker] o.h.c.internal.RegionFactoryInitiator    : HHH000026: Second-level cache disabled
2025-11-23T20:18:15.209-03:00  INFO 36632 --- [risk-service] [    Test worker] o.s.o.j.p.SpringPersistenceUnitInfo      : No LoadTimeWeaver setup: ignoring JPA class transformer
2025-11-23T20:18:15.240-03:00  INFO 36632 --- [risk-service] [    Test worker] o.h.e.t.j.p.i.JtaPlatformInitiator       : HHH000489: No JTA platform available (set 'hibernate.transaction.jta.platform' to enable JTA platform integration)
2025-11-23T20:18:15.241-03:00  INFO 36632 --- [risk-service] [    Test worker] j.LocalContainerEntityManagerFactoryBean : Initialized JPA EntityManagerFactory for persistence unit 'default'
2025-11-23T20:18:15.309-03:00  WARN 36632 --- [risk-service] [    Test worker] JpaBaseConfiguration$JpaWebConfiguration : spring.jpa.open-in-view is enabled by default. Therefore, database queries may be performed during view rendering. Explicitly configure spring.jpa.open-in-view to disable this warning
2025-11-23T20:18:15.385-03:00  INFO 36632 --- [risk-service] [    Test worker] o.s.b.t.m.w.SpringBootMockServletContext : Initializing Spring TestDispatcherServlet ''
2025-11-23T20:18:15.386-03:00  INFO 36632 --- [risk-service] [    Test worker] o.s.t.web.servlet.TestDispatcherServlet  : Initializing Servlet ''
2025-11-23T20:18:15.386-03:00  INFO 36632 --- [risk-service] [    Test worker] o.s.t.web.servlet.TestDispatcherServlet  : Completed initialization in 0 ms
2025-11-23T20:18:15.396-03:00  INFO 36632 --- [risk-service] [    Test worker] c.example.risk.RiskCaseControllerTest    : Started RiskCaseControllerTest in 0.42 seconds (process running for 6.217)
Hibernate: 
    insert 
    into
        risk_cases
        (created_at, reason, score, status, user_id, id) 
    values
        (?, ?, ?, ?, ?, default)
Hibernate: 
    select
        rc1_0.id,
        rc1_0.created_at,
        rc1_0.reason,
        rc1_0.score,
        rc1_0.status,
        rc1_0.user_id 
    from
        risk_cases rc1_0 
    where
        rc1_0.id=?
]]></system-out>
  <system-err><![CDATA[]]></system-err>
</testsuite>
