<?xml version="1.0" encoding="UTF-8"?>
<testsuite name="com.example.ledger.TransactionControllerTest" tests="2" skipped="0" failures="0" errors="0" timestamp="2025-11-23T23:17:51.884Z" hostname="DESKTOP-3G1SSLR" time="0.686">
  <properties/>
  <testcase name="crea y consulta una transacción" classname="com.example.ledger.TransactionControllerTest" time="0.676"/>
  <testcase name="expone un stream SSE para actualizaciones en tiempo real" classname="com.example.ledger.TransactionControllerTest" time="0.009"/>
  <system-out><![CDATA[20:17:46.926 [Test worker] INFO org.springframework.test.context.support.AnnotationConfigContextLoaderUtils -- Could not detect default configuration classes for test class [com.example.ledger.TransactionControllerTest]: TransactionControllerTest does not declare any static, non-private, non-final, nested classes annotated with @Configuration.
20:17:47.064 [Test worker] INFO org.springframework.boot.test.context.SpringBootTestContextBootstrapper -- Found @SpringBootConfiguration com.example.ledger.LedgerServiceApplication for test class com.example.ledger.TransactionControllerTest

  .   ____          _            __ _ _
 /\\ / ___'_ __ _ _(_)_ __  __ _ \ \ \ \
( ( )\___ | '_ | '_| | '_ \/ _` | \ \ \ \
 \\/  ___)| |_)| | | | | || (_| |  ) ) ) )
  '  |____| .__|_| |_|_| |_\__, | / / / /
 =========|_|==============|___/=/_/_/_/

 :: Spring Boot ::                (v3.3.5)

2025-11-23T20:17:47.560-03:00  INFO 25864 --- [ledger-service] [    Test worker] c.e.ledger.TransactionControllerTest     : Starting TransactionControllerTest using Java 17.0.17 with PID 25864 (started by TeaDyDy in C:\Users\TeaDyDy\AndroidStudioProjects\Finanzas3.0\services\ledger-service)
2025-11-23T20:17:47.561-03:00  INFO 25864 --- [ledger-service] [    Test worker] c.e.ledger.TransactionControllerTest     : No active profile set, falling back to 1 default profile: "dev"
2025-11-23T20:17:48.318-03:00  INFO 25864 --- [ledger-service] [    Test worker] .s.d.r.c.RepositoryConfigurationDelegate : Bootstrapping Spring Data JPA repositories in DEFAULT mode.
2025-11-23T20:17:48.371-03:00  INFO 25864 --- [ledger-service] [    Test worker] .s.d.r.c.RepositoryConfigurationDelegate : Finished Spring Data repository scanning in 44 ms. Found 1 JPA repository interface.
2025-11-23T20:17:48.944-03:00  INFO 25864 --- [ledger-service] [    Test worker] com.zaxxer.hikari.HikariDataSource       : HikariPool-1 - Starting...
2025-11-23T20:17:49.118-03:00  INFO 25864 --- [ledger-service] [    Test worker] com.zaxxer.hikari.pool.HikariPool        : HikariPool-1 - Added connection conn0: url=jdbc:h2:mem:ledger user=SA
2025-11-23T20:17:49.119-03:00  INFO 25864 --- [ledger-service] [    Test worker] com.zaxxer.hikari.HikariDataSource       : HikariPool-1 - Start completed.
2025-11-23T20:17:49.161-03:00  INFO 25864 --- [ledger-service] [    Test worker] org.flywaydb.core.FlywayExecutor         : Database: jdbc:h2:mem:ledger (H2 2.3)
2025-11-23T20:17:49.166-03:00  WARN 25864 --- [ledger-service] [    Test worker] o.f.c.internal.database.base.Database    : Flyway upgrade recommended: H2 2.3.232 is newer than this version of Flyway and support has not been tested. The latest supported version of H2 is 2.2.220.
2025-11-23T20:17:49.186-03:00  INFO 25864 --- [ledger-service] [    Test worker] o.f.c.i.s.JdbcTableSchemaHistory         : Schema history table "PUBLIC"."flyway_schema_history" does not exist yet
2025-11-23T20:17:49.188-03:00  INFO 25864 --- [ledger-service] [    Test worker] o.f.core.internal.command.DbValidate     : Successfully validated 1 migration (execution time 00:00.011s)
2025-11-23T20:17:49.194-03:00  INFO 25864 --- [ledger-service] [    Test worker] o.f.c.i.s.JdbcTableSchemaHistory         : Creating Schema History table "PUBLIC"."flyway_schema_history" ...
2025-11-23T20:17:49.235-03:00  INFO 25864 --- [ledger-service] [    Test worker] o.f.core.internal.command.DbMigrate      : Current version of schema "PUBLIC": << Empty Schema >>
2025-11-23T20:17:49.242-03:00  INFO 25864 --- [ledger-service] [    Test worker] o.f.core.internal.command.DbMigrate      : Migrating schema "PUBLIC" to version "1 - init"
2025-11-23T20:17:49.267-03:00  INFO 25864 --- [ledger-service] [    Test worker] o.f.core.internal.command.DbMigrate      : Successfully applied 1 migration to schema "PUBLIC", now at version v1 (execution time 00:00.006s)
2025-11-23T20:17:49.399-03:00  INFO 25864 --- [ledger-service] [    Test worker] o.hibernate.jpa.internal.util.LogHelper  : HHH000204: Processing PersistenceUnitInfo [name: default]
2025-11-23T20:17:49.471-03:00  INFO 25864 --- [ledger-service] [    Test worker] org.hibernate.Version                    : HHH000412: Hibernate ORM core version 6.5.3.Final
2025-11-23T20:17:49.504-03:00  INFO 25864 --- [ledger-service] [    Test worker] o.h.c.internal.RegionFactoryInitiator    : HHH000026: Second-level cache disabled
2025-11-23T20:17:49.790-03:00  INFO 25864 --- [ledger-service] [    Test worker] o.s.o.j.p.SpringPersistenceUnitInfo      : No LoadTimeWeaver setup: ignoring JPA class transformer
2025-11-23T20:17:50.505-03:00  INFO 25864 --- [ledger-service] [    Test worker] o.h.e.t.j.p.i.JtaPlatformInitiator       : HHH000489: No JTA platform available (set 'hibernate.transaction.jta.platform' to enable JTA platform integration)
2025-11-23T20:17:50.524-03:00  INFO 25864 --- [ledger-service] [    Test worker] j.LocalContainerEntityManagerFactoryBean : Initialized JPA EntityManagerFactory for persistence unit 'default'
2025-11-23T20:17:51.076-03:00  WARN 25864 --- [ledger-service] [    Test worker] JpaBaseConfiguration$JpaWebConfiguration : spring.jpa.open-in-view is enabled by default. Therefore, database queries may be performed during view rendering. Explicitly configure spring.jpa.open-in-view to disable this warning
2025-11-23T20:17:51.792-03:00  INFO 25864 --- [ledger-service] [    Test worker] o.s.b.t.m.w.SpringBootMockServletContext : Initializing Spring TestDispatcherServlet ''
2025-11-23T20:17:51.793-03:00  INFO 25864 --- [ledger-service] [    Test worker] o.s.t.web.servlet.TestDispatcherServlet  : Initializing Servlet ''
2025-11-23T20:17:51.795-03:00  INFO 25864 --- [ledger-service] [    Test worker] o.s.t.web.servlet.TestDispatcherServlet  : Completed initialization in 0 ms
2025-11-23T20:17:51.847-03:00  INFO 25864 --- [ledger-service] [    Test worker] c.e.ledger.TransactionControllerTest     : Started TransactionControllerTest in 4.6 seconds (process running for 5.698)
Hibernate: 
    insert 
    into
        transactions
        (account_id, amount, created_at, currency, description, status, type, id) 
    values
        (?, ?, ?, ?, ?, ?, ?, default)
Hibernate: 
    select
        t1_0.id,
        t1_0.account_id,
        t1_0.amount,
        t1_0.created_at,
        t1_0.currency,
        t1_0.description,
        t1_0.status,
        t1_0.type 
    from
        transactions t1_0 
    where
        t1_0.id=?
]]></system-out>
  <system-err><![CDATA[]]></system-err>
</testsuite>
